org.mozilla.javascript.EcmaError: TypeError: Cannot call method "_settlePromises" of undefined (file:/storage/emulated/0/msgbot/global_modules/kakaolink/src/polyfill/promise.js#191)
	at org.mozilla.javascript.ScriptRuntime.constructError(ScriptRuntime.java:7)
	at org.mozilla.javascript.ScriptRuntime.constructError(ScriptRuntime.java:2)
	at org.mozilla.javascript.ScriptRuntime.typeError(ScriptRuntime.java:1)
	at org.mozilla.javascript.ScriptRuntime.typeError2(ScriptRuntime.java:2)
	at org.mozilla.javascript.ScriptRuntime.undefCallError(ScriptRuntime.java:1)
	at org.mozilla.javascript.ScriptRuntime.getPropFunctionAndThisHelper(ScriptRuntime.java:10)
	at org.mozilla.javascript.ScriptRuntime.getPropFunctionAndThis(ScriptRuntime.java:3)
	at org.mozilla.javascript.Interpreter.interpretLoop(Interpreter.java:202)
	at script(file:/storage/emulated/0/msgbot/global_modules/kakaolink/src/polyfill/promise.js:191)
	at script(file:/storage/emulated/0/msgbot/global_modules/kakaolink/src/polyfill/promise.js:201)
	at script(file:/storage/emulated/0/msgbot/global_modules/kakaolink/src/polyfill/promise.js:75)
	at script(file:/storage/emulated/0/msgbot/global_modules/kakaolink/src/polyfill/timers.js:44)
	at org.mozilla.javascript.Interpreter.interpret(Interpreter.java:10)
	at org.mozilla.javascript.InterpretedFunction.call(InterpretedFunction.java:3)
	at org.mozilla.javascript.ContextFactory.doTopCall(ContextFactory.java:1)
	at org.mozilla.javascript.ScriptRuntime.doTopCall(ScriptRuntime.java:8)
	at org.mozilla.javascript.InterpretedFunction.call(InterpretedFunction.java:2)
	at org.mozilla.javascript.Context.lambda$call$0(Context.java:1)
	at org.mozilla.javascript.Context.a(Unknown Source:0)
	at u5.i.run(Unknown Source:16)
	at org.mozilla.javascript.Context.call(Context.java:5)
	at org.mozilla.javascript.Context.call(Context.java:3)
	at org.mozilla.javascript.JavaAdapter.callMethod(JavaAdapter.java:3)
	at adapter1.run(Unknown Source:21)
	at java.util.TimerThread.mainLoop(Timer.java:562)
	at java.util.TimerThread.run(Timer.java:512)
